[debug] [2023-10-11T17:56:21.967Z] ----------------------------------------------------------------------
[debug] [2023-10-11T17:56:21.969Z] Command:       C:\Program Files\nodejs\node.exe C:\Users\pc\AppData\Roaming\npm\node_modules\firebase-tools\lib\bin\firebase.js init
[debug] [2023-10-11T17:56:21.969Z] CLI Version:   11.28.0
[debug] [2023-10-11T17:56:21.969Z] Platform:      win32
[debug] [2023-10-11T17:56:21.969Z] Node Version:  v18.17.1
[debug] [2023-10-11T17:56:21.970Z] Time:          Thu Oct 12 2023 01:56:21 GMT+0800 (China Standard Time)
[debug] [2023-10-11T17:56:21.970Z] ----------------------------------------------------------------------
[debug] 
[debug] [2023-10-11T17:56:21.973Z] >>> [apiv2][query] GET https://firebase-public.firebaseio.com/cli.json [none]
[debug] [2023-10-11T17:56:22.015Z] > command requires scopes: ["email","openid","https://www.googleapis.com/auth/cloudplatformprojects.readonly","https://www.googleapis.com/auth/firebase","https://www.googleapis.com/auth/cloud-platform"]
[debug] [2023-10-11T17:56:22.015Z] > authorizing via signed-in user (kdbvier@gmail.com)
[info] 
     ######## #### ########  ######## ########     ###     ######  ########
     ##        ##  ##     ## ##       ##     ##  ##   ##  ##       ##
     ######    ##  ########  ######   ########  #########  ######  ######
     ##        ##  ##    ##  ##       ##     ## ##     ##       ## ##
     ##       #### ##     ## ######## ########  ##     ##  ######  ########

You're about to initialize a Firebase project in this directory:

  C:\Users\pc\Music\fork

[debug] [2023-10-11T17:56:22.604Z] <<< [apiv2][status] GET https://firebase-public.firebaseio.com/cli.json 200
[debug] [2023-10-11T17:56:22.605Z] <<< [apiv2][body] GET https://firebase-public.firebaseio.com/cli.json {"cloudBuildErrorAfter":1594252800000,"cloudBuildWarnAfter":1590019200000,"defaultNode10After":1594252800000,"minVersion":"3.0.5","node8DeploysDisabledAfter":1613390400000,"node8RuntimeDisabledAfter":1615809600000,"node8WarnAfter":1600128000000}
